<?xml version="1.0" encoding="UTF-8"?>
<!-- Generated by org.testng.reporters.JUnitXMLReporter -->
<testsuite hostname="ATMECSINLT-087" ignored="0" name="heatClinicTest" tests="2" failures="0" timestamp="18 Nov 2019 14:30:10 GMT" time="31.533" errors="0">
  <testcase name="headerRedirectionValidation" time="9.399" classname="com.tutorialsninjaandheatclinic.TutorialsninjaAndHeatclinicAutomation.testscripts.HeatClinicFuctionalityTesting"/>
  <testcase name="merchandiseFunctionality" time="16.535" classname="com.tutorialsninjaandheatclinic.TutorialsninjaAndHeatclinicAutomation.testscripts.HeatClinicFuctionalityTesting"/>
</testsuite> <!-- heatClinicTest -->
