<?xml version="1.0" encoding="UTF-8"?>
<!-- Generated by org.testng.reporters.JUnitXMLReporter -->
<testsuite ignored="0" hostname="ATMECSINLT-087" failures="1" tests="2" name="Test validate internet explorercom.tutorialsninjaandheatclinic.TutorialsninjaAndHeatclinicAutomation.testscripts.HeatClinicFuctionalityTesting" time="61.871" errors="0" timestamp="14 Nov 2019 10:30:33 GMT">
  <testcase classname="com.tutorialsninjaandheatclinic.TutorialsninjaAndHeatclinicAutomation.testscripts.HeatClinicFuctionalityTesting" name="headerRedirectionValidation" time="18.263">
    <failure type="java.lang.AssertionError" message="expected [Broadleaf Commerce Demo Store - Heat Clinic - FAQ] but found [Broadleaf Commerce Demo Store - Heat Clinic - New to Hot Sauce]">
      <![CDATA[java.lang.AssertionError: expected [Broadleaf Commerce Demo Store - Heat Clinic - FAQ] but found [Broadleaf Commerce Demo Store - Heat Clinic - New to Hot Sauce]
at com.tutorialsninjaandheatclinic.TutorialsninjaAndHeatclinicAutomation.pages.TutorialsNinjaValidation.assertion(TutorialsNinjaValidation.java:55)
at com.tutorialsninjaandheatclinic.TutorialsninjaAndHeatclinicAutomation.pages.TutorialsNinjaValidation.pageRedirection(TutorialsNinjaValidation.java:42)
at com.tutorialsninjaandheatclinic.TutorialsninjaAndHeatclinicAutomation.testscripts.HeatClinicFuctionalityTesting.headerRedirectionValidation(HeatClinicFuctionalityTesting.java:66)
at java.base/java.util.concurrent.FutureTask.run(FutureTask.java:264)
at java.base/java.util.concurrent.ThreadPoolExecutor.runWorker(ThreadPoolExecutor.java:1128)
at java.base/java.util.concurrent.ThreadPoolExecutor$Worker.run(ThreadPoolExecutor.java:628)
at java.base/java.lang.Thread.run(Thread.java:835)
... Removed 22 stack frames]]>
    </failure>
  </testcase> <!-- headerRedirectionValidation -->
  <testcase classname="com.tutorialsninjaandheatclinic.TutorialsninjaAndHeatclinicAutomation.testscripts.HeatClinicFuctionalityTesting" name="merchandiseFunctionality" time="24.059"/>
</testsuite> <!-- Test validate internet explorercom.tutorialsninjaandheatclinic.TutorialsninjaAndHeatclinicAutomation.testscripts.HeatClinicFuctionalityTesting -->
