<?xml version="1.0" encoding="UTF-8"?>
<!-- Generated by org.testng.reporters.JUnitXMLReporter -->
<testsuite ignored="0" hostname="ATMECSINLT-087" failures="0" tests="3" name="Test validate chromecom.tutorialsninjaandheatclinic.TutorialsninjaAndHeatclinicAutomation.testscripts.TutorialsNinjaFunctionalityValidation" time="81.052" errors="0" timestamp="14 Nov 2019 05:46:29 GMT">
  <testcase classname="com.tutorialsninjaandheatclinic.TutorialsninjaAndHeatclinicAutomation.testscripts.TutorialsNinjaFunctionalityValidation" name="tutorialsNinjaHomePageValidation" time="1.012"/>
  <testcase classname="com.tutorialsninjaandheatclinic.TutorialsninjaAndHeatclinicAutomation.testscripts.TutorialsNinjaFunctionalityValidation" name="tutorialsNinjaProductValidation" time="51.665"/>
  <testcase classname="com.tutorialsninjaandheatclinic.TutorialsninjaAndHeatclinicAutomation.testscripts.TutorialsNinjaFunctionalityValidation" name="cartValidation" time="2.739"/>
</testsuite> <!-- Test validate chromecom.tutorialsninjaandheatclinic.TutorialsninjaAndHeatclinicAutomation.testscripts.TutorialsNinjaFunctionalityValidation -->
