<?xml version="1.0" encoding="UTF-8"?>
<!-- Generated by org.testng.reporters.JUnitXMLReporter -->
<testsuite ignored="0" hostname="ATMECSINLT-087" failures="0" tests="2" name="Test validate firefoxcom.tutorialsninjaandheatclinic.TutorialsninjaAndHeatclinicAutomation.testscripts.HeatClinicFuctionalityTesting" time="70.298" errors="0" timestamp="14 Nov 2019 05:46:19 GMT">
  <testcase classname="com.tutorialsninjaandheatclinic.TutorialsninjaAndHeatclinicAutomation.testscripts.HeatClinicFuctionalityTesting" name="headerRedirectionValidation" time="11.113"/>
  <testcase classname="com.tutorialsninjaandheatclinic.TutorialsninjaAndHeatclinicAutomation.testscripts.HeatClinicFuctionalityTesting" name="merchandiseFunctionality" time="12.975"/>
</testsuite> <!-- Test validate firefoxcom.tutorialsninjaandheatclinic.TutorialsninjaAndHeatclinicAutomation.testscripts.HeatClinicFuctionalityTesting -->
