<?xml version="1.0" encoding="UTF-8"?>
<!-- Generated by org.testng.reporters.JUnitXMLReporter -->
<testsuite hostname="ATMECSINLT-087" ignored="0" name="tutorialNinjaTest" tests="3" failures="0" timestamp="18 Nov 2019 14:29:37 GMT" time="38.615" errors="0">
  <testcase name="tutorialsNinjaHomePageValidation" time="0.056" classname="com.tutorialsninjaandheatclinic.TutorialsninjaAndHeatclinicAutomation.testscripts.TutorialsNinjaFunctionalityValidation"/>
  <testcase name="tutorialsNinjaProductValidation" time="24.544" classname="com.tutorialsninjaandheatclinic.TutorialsninjaAndHeatclinicAutomation.testscripts.TutorialsNinjaFunctionalityValidation"/>
  <testcase name="cartValidation" time="6.115" classname="com.tutorialsninjaandheatclinic.TutorialsninjaAndHeatclinicAutomation.testscripts.TutorialsNinjaFunctionalityValidation"/>
</testsuite> <!-- tutorialNinjaTest -->
