<?xml version="1.0" encoding="UTF-8"?>
<!-- Generated by org.testng.reporters.JUnitXMLReporter -->
<testsuite hostname="ATMECSINLT-087" ignored="0" name="tutorialNinjaTest" tests="3" failures="0" timestamp="13 Nov 2019 08:45:42 GMT" time="48.274" errors="0">
  <testcase name="tutorialsNinjaHomePageValidation" time="0.048" classname="com.tutorialsninjaandheatclinic.TutorialsninjaAndHeatclinicAutomation.testscripts.TutorialsNinjaFunctionalityValidation"/>
  <testcase name="tutorialsNinjaProductValidation" time="34.512" classname="com.tutorialsninjaandheatclinic.TutorialsninjaAndHeatclinicAutomation.testscripts.TutorialsNinjaFunctionalityValidation"/>
  <testcase name="cartValidation" time="2.886" classname="com.tutorialsninjaandheatclinic.TutorialsninjaAndHeatclinicAutomation.testscripts.TutorialsNinjaFunctionalityValidation"/>
</testsuite> <!-- tutorialNinjaTest -->
