<?xml version="1.0" encoding="UTF-8"?>
<!-- Generated by org.testng.reporters.JUnitXMLReporter -->
<testsuite ignored="0" hostname="ATMECSINLT-087" failures="1" tests="2" name="heatClinicTest" time="23.889" errors="0" timestamp="18 Nov 2019 14:15:37 GMT">
  <testcase classname="com.tutorialsninjaandheatclinic.TutorialsninjaAndHeatclinicAutomation.testscripts.HeatClinicFuctionalityTesting" name="headerRedirectionValidation" time="1.028">
    <failure type="java.lang.AssertionError" message="expected [Broadleaf Commerce Demo Store - Heat Clinic - Hot Sauces] but found []">
      <![CDATA[java.lang.AssertionError: expected [Broadleaf Commerce Demo Store - Heat Clinic - Hot Sauces] but found []
at com.tutorialsninjaandheatclinic.TutorialsninjaAndHeatclinicAutomation.pages.TutorialsNinjaValidation.assertion(TutorialsNinjaValidation.java:60)
at com.tutorialsninjaandheatclinic.TutorialsninjaAndHeatclinicAutomation.pages.TutorialsNinjaValidation.pageRedirection(TutorialsNinjaValidation.java:47)
at com.tutorialsninjaandheatclinic.TutorialsninjaAndHeatclinicAutomation.testscripts.HeatClinicFuctionalityTesting.headerRedirectionValidation(HeatClinicFuctionalityTesting.java:67)
... Removed 32 stack frames]]>
    </failure>
  </testcase> <!-- headerRedirectionValidation -->
  <testcase classname="com.tutorialsninjaandheatclinic.TutorialsninjaAndHeatclinicAutomation.testscripts.HeatClinicFuctionalityTesting" name="merchandiseFunctionality" time="16.707"/>
</testsuite> <!-- heatClinicTest -->
